<?xml version="1.0" encoding="UTF-8"?>
<testsuite xmlns:xsi="http://www.w3.org/2001/XMLSchema-instance" xsi:noNamespaceSchemaLocation="https://maven.apache.org/surefire/maven-surefire-plugin/xsd/surefire-test-report.xsd" name="teste.TesteDoAvaliador" time="0.002" tests="3" errors="0" skipped="0" failures="0">
  <properties>
    <property name="java.specification.version" value="16"/>
    <property name="sun.jnu.encoding" value="UTF-8"/>
    <property name="java.class.path" value="/home/owarido/heron/leilao/target/test-classes:/home/owarido/heron/leilao/target/classes:/home/owarido/.m2/repository/junit/junit/4.11/junit-4.11.jar:/home/owarido/.m2/repository/org/hamcrest/hamcrest-core/1.3/hamcrest-core-1.3.jar:"/>
    <property name="java.vm.vendor" value="Oracle Corporation"/>
    <property name="sun.arch.data.model" value="64"/>
    <property name="java.vendor.url" value="https://java.oracle.com/"/>
    <property name="user.country.format" value="BR"/>
    <property name="os.name" value="Linux"/>
    <property name="java.vm.specification.version" value="16"/>
    <property name="sun.java.launcher" value="SUN_STANDARD"/>
    <property name="user.country" value="US"/>
    <property name="sun.boot.library.path" value="/usr/java/jdk-16/lib"/>
    <property name="sun.java.command" value="/home/owarido/heron/leilao/target/surefire/surefirebooter9248895942667352831.jar /home/owarido/heron/leilao/target/surefire 2022-02-10T21-16-00_796-jvmRun1 surefire12024608301278065296tmp surefire_09441157314767033794tmp"/>
    <property name="jdk.debug" value="release"/>
    <property name="surefire.test.class.path" value="/home/owarido/heron/leilao/target/test-classes:/home/owarido/heron/leilao/target/classes:/home/owarido/.m2/repository/junit/junit/4.11/junit-4.11.jar:/home/owarido/.m2/repository/org/hamcrest/hamcrest-core/1.3/hamcrest-core-1.3.jar:"/>
    <property name="sun.cpu.endian" value="little"/>
    <property name="user.home" value="/home/owarido"/>
    <property name="user.language" value="en"/>
    <property name="java.specification.vendor" value="Oracle Corporation"/>
    <property name="java.version.date" value="2021-03-16"/>
    <property name="java.home" value="/usr/java/jdk-16"/>
    <property name="file.separator" value="/"/>
    <property name="basedir" value="/home/owarido/heron/leilao"/>
    <property name="java.vm.compressedOopsMode" value="32-bit"/>
    <property name="line.separator" value="&#10;"/>
    <property name="java.vm.specification.vendor" value="Oracle Corporation"/>
    <property name="java.specification.name" value="Java Platform API Specification"/>
    <property name="surefire.real.class.path" value="/home/owarido/heron/leilao/target/surefire/surefirebooter9248895942667352831.jar"/>
    <property name="sun.management.compiler" value="HotSpot 64-Bit Tiered Compilers"/>
    <property name="java.runtime.version" value="16+36-2231"/>
    <property name="user.name" value="owarido"/>
    <property name="path.separator" value=":"/>
    <property name="os.version" value="5.4.0-99-generic"/>
    <property name="java.runtime.name" value="OpenJDK Runtime Environment"/>
    <property name="file.encoding" value="UTF-8"/>
    <property name="java.vm.name" value="OpenJDK 64-Bit Server VM"/>
    <property name="localRepository" value="/home/owarido/.m2/repository"/>
    <property name="java.vendor.url.bug" value="https://bugreport.java.com/bugreport/"/>
    <property name="java.io.tmpdir" value="/tmp"/>
    <property name="java.version" value="16"/>
    <property name="user.dir" value="/home/owarido/heron/leilao"/>
    <property name="os.arch" value="amd64"/>
    <property name="java.vm.specification.name" value="Java Virtual Machine Specification"/>
    <property name="user.language.format" value="pt"/>
    <property name="java.library.path" value="/usr/java/packages/lib:/usr/lib64:/lib64:/lib:/usr/lib"/>
    <property name="java.vm.info" value="mixed mode, sharing"/>
    <property name="java.vendor" value="Oracle Corporation"/>
    <property name="java.vm.version" value="16+36-2231"/>
    <property name="sun.io.unicode.encoding" value="UnicodeLittle"/>
    <property name="java.class.version" value="60.0"/>
  </properties>
  <testcase name="EncontrarTresMaioresLances" classname="teste.TesteDoAvaliador" time="0"/>
  <testcase name="LancesEmOrdemDecrescente" classname="teste.TesteDoAvaliador" time="0"/>
  <testcase name="NaoAvaliarLeilaoSemNenhumLance" classname="teste.TesteDoAvaliador" time="0"/>
</testsuite>